[2026-01-23 14:59:15,379] 24 root - INFO - ====================Data Ingestion log started.==================== 


[2026-01-23 14:59:15,379] 16 root - INFO - Initiate the data ingestion
[2026-01-23 14:59:19,385] 81 root - INFO - Performed train test split on the dataframe
[2026-01-23 14:59:19,385] 83 root - INFO - Exited the split_data_as_train_test method of Data Ingestion class
[2026-01-23 14:59:19,385] 90 root - INFO - Exporting train and test file path
[2026-01-23 14:59:19,520] 94 root - INFO - Exported train and test file path
[2026-01-23 14:59:19,520] 18 root - INFO - Data Initiation Completed
[2026-01-23 14:59:19,536] 22 root - INFO - Initiate the data Validation
[2026-01-23 14:59:19,696] 35 root - INFO - Required number of columns:2
[2026-01-23 14:59:19,696] 36 root - INFO - Data frame columns:31
[2026-01-23 14:59:19,696] 35 root - INFO - Required number of columns:2
[2026-01-23 14:59:19,696] 36 root - INFO - Data frame columns:31
[2026-01-23 14:59:20,066] 24 root - INFO - data Validation Completed
[2026-01-23 14:59:20,068] 27 root - INFO - data Transformation started
[2026-01-23 14:59:20,068] 63 root - INFO - Entered initiate_data_transformation method of DataTransformation class
[2026-01-23 14:59:20,068] 65 root - INFO - Starting data transformation
[2026-01-23 14:59:20,142] 48 root - INFO - Entered get_data_trnasformer_object method of Trnasformation class
[2026-01-23 14:59:20,142] 53 root - INFO - Initialise KNNImputer with {'missing_values': nan, 'n_neighbors': 3, 'weights': 'uniform'}
[2026-01-23 14:59:20,167] 51 root - INFO - Entered the save_object method of MainUtils class
[2026-01-23 14:59:20,173] 55 root - INFO - Exited the save_object method of MainUtils class
[2026-01-23 14:59:20,173] 51 root - INFO - Entered the save_object method of MainUtils class
[2026-01-23 14:59:20,178] 55 root - INFO - Exited the save_object method of MainUtils class
