[2026-01-23 15:05:56,837] 24 root - INFO - ====================Data Ingestion log started.==================== 


[2026-01-23 15:05:56,838] 16 root - INFO - Initiate the data ingestion
[2026-01-23 15:06:01,010] 81 root - INFO - Performed train test split on the dataframe
[2026-01-23 15:06:01,010] 83 root - INFO - Exited the split_data_as_train_test method of Data Ingestion class
[2026-01-23 15:06:01,012] 90 root - INFO - Exporting train and test file path
[2026-01-23 15:06:01,150] 94 root - INFO - Exported train and test file path
[2026-01-23 15:06:01,151] 18 root - INFO - Data Initiation Completed
[2026-01-23 15:06:01,166] 22 root - INFO - Initiate the data Validation
[2026-01-23 15:06:01,357] 35 root - INFO - Required number of columns:2
[2026-01-23 15:06:01,360] 36 root - INFO - Data frame columns:31
[2026-01-23 15:06:01,360] 35 root - INFO - Required number of columns:2
[2026-01-23 15:06:01,360] 36 root - INFO - Data frame columns:31
[2026-01-23 15:06:01,779] 24 root - INFO - data Validation Completed
[2026-01-23 15:06:01,780] 27 root - INFO - data Transformation started
[2026-01-23 15:06:01,781] 63 root - INFO - Entered initiate_data_transformation method of DataTransformation class
[2026-01-23 15:06:01,781] 65 root - INFO - Starting data transformation
[2026-01-23 15:06:01,847] 48 root - INFO - Entered get_data_trnasformer_object method of Trnasformation class
[2026-01-23 15:06:01,847] 53 root - INFO - Initialise KNNImputer with {'missing_values': nan, 'n_neighbors': 3, 'weights': 'uniform'}
[2026-01-23 15:06:01,875] 51 root - INFO - Entered the save_object method of MainUtils class
[2026-01-23 15:06:01,880] 55 root - INFO - Exited the save_object method of MainUtils class
[2026-01-23 15:06:01,880] 51 root - INFO - Entered the save_object method of MainUtils class
[2026-01-23 15:06:01,886] 55 root - INFO - Exited the save_object method of MainUtils class
[2026-01-23 15:06:01,890] 31 root - INFO - data Transformation completed
