[2026-01-23 16:23:18,356] 24 root - INFO - ====================Data Ingestion log started.==================== 


[2026-01-23 16:23:18,357] 16 root - INFO - Initiate the data ingestion
[2026-01-23 16:23:24,848] 81 root - INFO - Performed train test split on the dataframe
[2026-01-23 16:23:24,849] 83 root - INFO - Exited the split_data_as_train_test method of Data Ingestion class
[2026-01-23 16:23:24,849] 90 root - INFO - Exporting train and test file path
[2026-01-23 16:23:25,110] 94 root - INFO - Exported train and test file path
[2026-01-23 16:23:25,114] 18 root - INFO - Data Initiation Completed
[2026-01-23 16:23:25,136] 22 root - INFO - Initiate the data Validation
[2026-01-23 16:23:25,337] 35 root - INFO - Required number of columns:2
[2026-01-23 16:23:25,340] 36 root - INFO - Data frame columns:31
[2026-01-23 16:23:25,340] 35 root - INFO - Required number of columns:2
[2026-01-23 16:23:25,340] 36 root - INFO - Data frame columns:31
[2026-01-23 16:23:25,953] 24 root - INFO - data Validation Completed
[2026-01-23 16:23:25,953] 27 root - INFO - data Transformation started
[2026-01-23 16:23:25,954] 63 root - INFO - Entered initiate_data_transformation method of DataTransformation class
[2026-01-23 16:23:25,954] 65 root - INFO - Starting data transformation
[2026-01-23 16:23:26,085] 48 root - INFO - Entered get_data_trnasformer_object method of Trnasformation class
[2026-01-23 16:23:26,085] 53 root - INFO - Initialise KNNImputer with {'missing_values': nan, 'n_neighbors': 3, 'weights': 'uniform'}
[2026-01-23 16:23:26,128] 51 root - INFO - Entered the save_object method of MainUtils class
[2026-01-23 16:23:26,136] 55 root - INFO - Exited the save_object method of MainUtils class
[2026-01-23 16:23:26,136] 51 root - INFO - Entered the save_object method of MainUtils class
[2026-01-23 16:23:26,148] 55 root - INFO - Exited the save_object method of MainUtils class
[2026-01-23 16:23:26,157] 31 root - INFO - data Transformation completed
[2026-01-23 16:23:26,157] 33 root - INFO - Model Trainig started
