[2026-01-24 13:45:45,134] 1025 httpx - INFO - HTTP Request: GET https://dagshub.com/api/v1/user "HTTP/1.1 200 OK"
[2026-01-24 13:45:45,147] 107 dagshub - INFO - Accessing as prakashsingh05
[2026-01-24 13:45:46,123] 1025 httpx - INFO - HTTP Request: GET https://dagshub.com/api/v1/repos/prakashsingh05/networksecurity "HTTP/1.1 200 OK"
[2026-01-24 13:45:46,980] 1025 httpx - INFO - HTTP Request: GET https://dagshub.com/api/v1/user "HTTP/1.1 200 OK"
[2026-01-24 13:45:46,994] 107 dagshub - INFO - Initialized MLflow to track repo "prakashsingh05/networksecurity"
[2026-01-24 13:45:46,994] 107 dagshub - INFO - Repository prakashsingh05/networksecurity initialized!
[2026-01-24 13:46:09,933] 42 root - INFO - Start data Ingestion
[2026-01-24 13:46:09,936] 24 root - INFO - ====================Data Ingestion log started.==================== 


[2026-01-24 13:46:16,355] 81 root - INFO - Performed train test split on the dataframe
[2026-01-24 13:46:16,355] 83 root - INFO - Exited the split_data_as_train_test method of Data Ingestion class
[2026-01-24 13:46:16,356] 90 root - INFO - Exporting train and test file path
[2026-01-24 13:46:16,684] 94 root - INFO - Exported train and test file path
[2026-01-24 13:46:16,685] 45 root - INFO - Data Ingestion completed and artifact: DataIngestionArtifact(trained_file_path='Artifact\\01_24_2026_13_45_21\\data_ingestion\\ingested\\train.csv', test_file_path='Artifact\\01_24_2026_13_45_21\\data_ingestion\\ingested\\test.csv')
[2026-01-24 13:46:16,711] 55 root - INFO - Initiate the data Validation
[2026-01-24 13:46:16,923] 35 root - INFO - Required number of columns:2
[2026-01-24 13:46:16,923] 36 root - INFO - Data frame columns:31
[2026-01-24 13:46:16,923] 35 root - INFO - Required number of columns:2
[2026-01-24 13:46:16,923] 36 root - INFO - Data frame columns:31
[2026-01-24 13:46:17,628] 63 root - INFO - Entered initiate_data_transformation method of DataTransformation class
[2026-01-24 13:46:17,629] 65 root - INFO - Starting data transformation
[2026-01-24 13:46:17,752] 48 root - INFO - Entered get_data_trnasformer_object method of Trnasformation class
[2026-01-24 13:46:17,752] 53 root - INFO - Initialise KNNImputer with {'missing_values': nan, 'n_neighbors': 3, 'weights': 'uniform'}
[2026-01-24 13:46:17,797] 54 root - INFO - Entered the save_object method of MainUtils class
[2026-01-24 13:46:17,804] 58 root - INFO - Exited the save_object method of MainUtils class
[2026-01-24 13:46:17,805] 54 root - INFO - Entered the save_object method of MainUtils class
[2026-01-24 13:46:17,813] 58 root - INFO - Exited the save_object method of MainUtils class
[2026-01-24 13:59:30,267] 54 root - INFO - Entered the save_object method of MainUtils class
[2026-01-24 13:59:30,269] 58 root - INFO - Exited the save_object method of MainUtils class
[2026-01-24 13:59:30,270] 54 root - INFO - Entered the save_object method of MainUtils class
[2026-01-24 13:59:30,368] 58 root - INFO - Exited the save_object method of MainUtils class
[2026-01-24 13:59:30,369] 153 root - INFO - Model trainer artifact: ModelTrainerArtifact(trained_model_file_path='Artifact\\01_24_2026_13_45_21\\model_trainer\\trained_model\\model.pkl', train_metric_artifact=ClassificationMetricArtifact(f1_score=0.9911036551268365, precision_score=0.9889418687227352, recall_score=0.9932749133890361), test_metric_artifact=ClassificationMetricArtifact(f1_score=0.9869921953171903, precision_score=0.987585102122547, recall_score=0.9864))
