[2026-01-23 17:05:39,892] 24 root - INFO - ====================Data Ingestion log started.==================== 


[2026-01-23 17:05:39,892] 18 root - INFO - Initiate the data ingestion
[2026-01-23 17:05:43,200] 81 root - INFO - Performed train test split on the dataframe
[2026-01-23 17:05:43,200] 83 root - INFO - Exited the split_data_as_train_test method of Data Ingestion class
[2026-01-23 17:05:43,200] 90 root - INFO - Exporting train and test file path
[2026-01-23 17:05:43,311] 94 root - INFO - Exported train and test file path
[2026-01-23 17:05:43,312] 20 root - INFO - Data Initiation Completed
[2026-01-23 17:05:43,323] 24 root - INFO - Initiate the data Validation
[2026-01-23 17:05:43,476] 35 root - INFO - Required number of columns:2
[2026-01-23 17:05:43,479] 36 root - INFO - Data frame columns:31
[2026-01-23 17:05:43,479] 35 root - INFO - Required number of columns:2
[2026-01-23 17:05:43,479] 36 root - INFO - Data frame columns:31
[2026-01-23 17:05:43,763] 26 root - INFO - data Validation Completed
[2026-01-23 17:05:43,763] 29 root - INFO - data Transformation started
[2026-01-23 17:05:43,763] 63 root - INFO - Entered initiate_data_transformation method of DataTransformation class
[2026-01-23 17:05:43,763] 65 root - INFO - Starting data transformation
[2026-01-23 17:05:43,821] 48 root - INFO - Entered get_data_trnasformer_object method of Trnasformation class
[2026-01-23 17:05:43,821] 53 root - INFO - Initialise KNNImputer with {'missing_values': nan, 'n_neighbors': 3, 'weights': 'uniform'}
[2026-01-23 17:05:43,841] 54 root - INFO - Entered the save_object method of MainUtils class
[2026-01-23 17:05:43,845] 58 root - INFO - Exited the save_object method of MainUtils class
[2026-01-23 17:05:43,845] 54 root - INFO - Entered the save_object method of MainUtils class
[2026-01-23 17:05:43,849] 58 root - INFO - Exited the save_object method of MainUtils class
[2026-01-23 17:05:43,850] 33 root - INFO - data Transformation completed
[2026-01-23 17:05:43,850] 35 root - INFO - Model Trainig started
