[2026-01-23 17:09:54,334] 24 root - INFO - ====================Data Ingestion log started.==================== 


[2026-01-23 17:09:54,334] 18 root - INFO - Initiate the data ingestion
[2026-01-23 17:09:58,233] 81 root - INFO - Performed train test split on the dataframe
[2026-01-23 17:09:58,234] 83 root - INFO - Exited the split_data_as_train_test method of Data Ingestion class
[2026-01-23 17:09:58,234] 90 root - INFO - Exporting train and test file path
[2026-01-23 17:09:58,337] 94 root - INFO - Exported train and test file path
[2026-01-23 17:09:58,338] 20 root - INFO - Data Initiation Completed
[2026-01-23 17:09:58,344] 24 root - INFO - Initiate the data Validation
[2026-01-23 17:09:58,486] 35 root - INFO - Required number of columns:2
[2026-01-23 17:09:58,490] 36 root - INFO - Data frame columns:31
[2026-01-23 17:09:58,490] 35 root - INFO - Required number of columns:2
[2026-01-23 17:09:58,490] 36 root - INFO - Data frame columns:31
[2026-01-23 17:09:58,738] 26 root - INFO - data Validation Completed
[2026-01-23 17:09:58,739] 29 root - INFO - data Transformation started
[2026-01-23 17:09:58,739] 63 root - INFO - Entered initiate_data_transformation method of DataTransformation class
[2026-01-23 17:09:58,739] 65 root - INFO - Starting data transformation
[2026-01-23 17:09:58,784] 48 root - INFO - Entered get_data_trnasformer_object method of Trnasformation class
[2026-01-23 17:09:58,787] 53 root - INFO - Initialise KNNImputer with {'missing_values': nan, 'n_neighbors': 3, 'weights': 'uniform'}
[2026-01-23 17:09:58,807] 54 root - INFO - Entered the save_object method of MainUtils class
[2026-01-23 17:09:58,812] 58 root - INFO - Exited the save_object method of MainUtils class
[2026-01-23 17:09:58,812] 54 root - INFO - Entered the save_object method of MainUtils class
[2026-01-23 17:09:58,816] 58 root - INFO - Exited the save_object method of MainUtils class
[2026-01-23 17:09:58,818] 33 root - INFO - data Transformation completed
[2026-01-23 17:09:58,818] 35 root - INFO - Model Trainig started
